<?xml version="1.0" encoding="UTF-8"?>
<testsuites name="TestSuite001" time="83.881" tests="5" failures="0" errors="0">
   <testsuite name="TestSuite001" tests="5" failures="0" errors="0" time="83.881" timestamp="2020-09-26 16:31:12" hostname="Chi Ngao - DESKTOP-O65DDOA" id="Test Suites/TestSuite001">
      <properties>
         <property name="deviceName" value=""/>
         <property name="devicePlatform" value=""/>
         <property name="logFolder" value="C:\\Users\\Chi Ngao\\Katalon Studio\\Lab1\\Reports\\20200926_163105\\TestSuite001\\20200926_163105"/>
         <property name="logFiles" value="C:\\Users\\Chi Ngao\\Katalon Studio\\Lab1\\Reports\\20200926_163105\\TestSuite001\\20200926_163105\\execution0.log"/>
         <property name="attachments" value=""/>
         <property name="hostName" value="Chi Ngao - DESKTOP-O65DDOA"/>
         <property name="os" value="Windows 10 64bit"/>
         <property name="katalonVersion" value="7.7.1.205"/>
         <property name="browser" value="Chrome 85.0.4183.121"/>
         <property name="hostAddress" value="192.168.1.58"/>
         <property name="sessionId" value="09658d442d64a7a082673c667e3315ab"/>
         <property name="seleniumVersion" value="3.141.59"/>
         <property name="proxyInformation" value="ProxyInformation { proxyOption=NO_PROXY, proxyServerType=HTTP, username=, password=********, proxyServerAddress=, proxyServerPort=0, executionList=&quot;&quot;, isApplyToDesiredCapabilities=true }"/>
         <property name="platform" value="Windows 10"/>
      </properties>
      <testcase name="Test Cases/TC_001" time="19.368" classname="Test Cases/TC_001" status="PASSED">
         <system-out><![CDATA[2020-09-26 16:31:12 - [TEST_CASE][PASSED] - Test Cases/TC_001: Test Cases/TC_001

2020-09-26 16:31:13 - [TEST_STEP][PASSED] - openBrowser(""): Browser is opened with url: ''

2020-09-26 16:31:13 - [MESSAGE][INFO] - Starting 'Chrome' driver

2020-09-26 16:31:13 - [MESSAGE][INFO] - Action delay is set to 0 milliseconds

2020-09-26 16:31:17 - [MESSAGE][PASSED] - Browser is opened with url: ''

2020-09-26 16:31:17 - [TEST_STEP][PASSED] - navigateToUrl("https://katalon-demo-cura.herokuapp.com/"): Navigate to 'https://katalon-demo-cura.herokuapp.com/' successfully

2020-09-26 16:31:26 - [MESSAGE][PASSED] - Navigate to 'https://katalon-demo-cura.herokuapp.com/' successfully

2020-09-26 16:31:26 - [TEST_STEP][PASSED] - click(findTestObject("Object Repository/Page_CURA Healthcare Service/a_Make Appointment")): Object: 'Object Repository/Page_CURA Healthcare Service/a_Make Appointment' is clicked on

2020-09-26 16:31:27 - [MESSAGE][PASSED] - Object: 'Object Repository/Page_CURA Healthcare Service/a_Make Appointment' is clicked on

2020-09-26 16:31:27 - [TEST_STEP][PASSED] - setText(findTestObject("Object Repository/Page_CURA Healthcare Service/input_Username_username"), "John Doe"): Text 'John Doe' is set on object 'Object Repository/Page_CURA Healthcare Service/input_Username_username'

2020-09-26 16:31:28 - [MESSAGE][PASSED] - Text 'John Doe' is set on object 'Object Repository/Page_CURA Healthcare Service/input_Username_username'

2020-09-26 16:31:28 - [TEST_STEP][PASSED] - setEncryptedText(findTestObject("Object Repository/Page_CURA Healthcare Service/input_Password_password"), "9NLz+4tGZcQ="): Text ****** has been set on object 'Object Repository/Page_CURA Healthcare Service/input_Password_password'

2020-09-26 16:31:29 - [MESSAGE][PASSED] - Text ****** has been set on object 'Object Repository/Page_CURA Healthcare Service/input_Password_password'

2020-09-26 16:31:29 - [TEST_STEP][PASSED] - click(findTestObject("Object Repository/Page_CURA Healthcare Service/input_Demo account_form-control")): Object: 'Object Repository/Page_CURA Healthcare Service/input_Demo account_form-control' is clicked on

2020-09-26 16:31:29 - [MESSAGE][PASSED] - Object: 'Object Repository/Page_CURA Healthcare Service/input_Demo account_form-control' is clicked on

2020-09-26 16:31:29 - [TEST_STEP][PASSED] - setEncryptedText(findTestObject("Object Repository/Page_CURA Healthcare Service/input_Password_password"), "g3/DOGG74jC3Flrr3yH+3D/yKbOqqUNM"): Text ****** has been set on object 'Object Repository/Page_CURA Healthcare Service/input_Password_password'

2020-09-26 16:31:30 - [MESSAGE][PASSED] - Text ****** has been set on object 'Object Repository/Page_CURA Healthcare Service/input_Password_password'

2020-09-26 16:31:30 - [TEST_STEP][PASSED] - click(findTestObject("Object Repository/Page_CURA Healthcare Service/button_Login")): Object: 'Object Repository/Page_CURA Healthcare Service/button_Login' is clicked on

2020-09-26 16:31:31 - [MESSAGE][PASSED] - Object: 'Object Repository/Page_CURA Healthcare Service/button_Login' is clicked on

2020-09-26 16:31:31 - [TEST_STEP][PASSED] - closeBrowser(): Browser is closed

2020-09-26 16:31:32 - [MESSAGE][PASSED] - Browser is closed]]></system-out>
         <system-err><![CDATA[]]></system-err>
      </testcase>
      <testcase name="Test Cases/TC_002" time="14.045" classname="Test Cases/TC_002" status="PASSED">
         <system-out><![CDATA[2020-09-26 16:31:32 - [TEST_CASE][PASSED] - Test Cases/TC_002: Test Cases/TC_002

2020-09-26 16:31:32 - [TEST_STEP][PASSED] - openBrowser(""): Browser is opened with url: ''

2020-09-26 16:31:32 - [MESSAGE][INFO] - Starting 'Chrome' driver

2020-09-26 16:31:32 - [MESSAGE][INFO] - Action delay is set to 0 milliseconds

2020-09-26 16:31:35 - [MESSAGE][PASSED] - Browser is opened with url: ''

2020-09-26 16:31:35 - [TEST_STEP][PASSED] - navigateToUrl("https://katalon-demo-cura.herokuapp.com/"): Navigate to 'https://katalon-demo-cura.herokuapp.com/' successfully

2020-09-26 16:31:41 - [MESSAGE][PASSED] - Navigate to 'https://katalon-demo-cura.herokuapp.com/' successfully

2020-09-26 16:31:41 - [TEST_STEP][PASSED] - click(findTestObject("Object Repository/Page_CURA Healthcare Service/a_Make Appointment")): Object: 'Object Repository/Page_CURA Healthcare Service/a_Make Appointment' is clicked on

2020-09-26 16:31:42 - [MESSAGE][PASSED] - Object: 'Object Repository/Page_CURA Healthcare Service/a_Make Appointment' is clicked on

2020-09-26 16:31:42 - [TEST_STEP][PASSED] - setText(findTestObject("Object Repository/Page_CURA Healthcare Service/input_Username_username"), "John Doe"): Text 'John Doe' is set on object 'Object Repository/Page_CURA Healthcare Service/input_Username_username'

2020-09-26 16:31:43 - [MESSAGE][PASSED] - Text 'John Doe' is set on object 'Object Repository/Page_CURA Healthcare Service/input_Username_username'

2020-09-26 16:31:43 - [TEST_STEP][PASSED] - setEncryptedText(findTestObject("Object Repository/Page_CURA Healthcare Service/input_Password_password"), "RigbBhfdqODKcAsiUrg+1Q=="): Text ****** has been set on object 'Object Repository/Page_CURA Healthcare Service/input_Password_password'

2020-09-26 16:31:44 - [MESSAGE][PASSED] - Text ****** has been set on object 'Object Repository/Page_CURA Healthcare Service/input_Password_password'

2020-09-26 16:31:44 - [TEST_STEP][PASSED] - click(findTestObject("Object Repository/Page_CURA Healthcare Service/button_Login")): Object: 'Object Repository/Page_CURA Healthcare Service/button_Login' is clicked on

2020-09-26 16:31:45 - [MESSAGE][PASSED] - Object: 'Object Repository/Page_CURA Healthcare Service/button_Login' is clicked on

2020-09-26 16:31:45 - [TEST_STEP][PASSED] - closeBrowser(): Browser is closed

2020-09-26 16:31:46 - [MESSAGE][PASSED] - Browser is closed]]></system-out>
         <system-err><![CDATA[]]></system-err>
      </testcase>
      <testcase name="Test Cases/TC_003" time="20.489" classname="Test Cases/TC_003" status="PASSED">
         <system-out><![CDATA[2020-09-26 16:31:46 - [TEST_CASE][PASSED] - Test Cases/TC_003: Test Cases/TC_003

2020-09-26 16:31:46 - [TEST_STEP][PASSED] - openBrowser(""): Browser is opened with url: ''

2020-09-26 16:31:46 - [MESSAGE][INFO] - Starting 'Chrome' driver

2020-09-26 16:31:46 - [MESSAGE][INFO] - Action delay is set to 0 milliseconds

2020-09-26 16:31:49 - [MESSAGE][PASSED] - Browser is opened with url: ''

2020-09-26 16:31:49 - [TEST_STEP][PASSED] - navigateToUrl("https://katalon-demo-cura.herokuapp.com/"): Navigate to 'https://katalon-demo-cura.herokuapp.com/' successfully

2020-09-26 16:32:01 - [MESSAGE][PASSED] - Navigate to 'https://katalon-demo-cura.herokuapp.com/' successfully

2020-09-26 16:32:01 - [TEST_STEP][PASSED] - click(findTestObject("Object Repository/Page_CURA Healthcare Service/a_Make Appointment")): Object: 'Object Repository/Page_CURA Healthcare Service/a_Make Appointment' is clicked on

2020-09-26 16:32:03 - [MESSAGE][PASSED] - Object: 'Object Repository/Page_CURA Healthcare Service/a_Make Appointment' is clicked on

2020-09-26 16:32:03 - [TEST_STEP][PASSED] - setText(findTestObject("Object Repository/Page_CURA Healthcare Service/input_Username_username"), "Kim Chi"): Text 'Kim Chi' is set on object 'Object Repository/Page_CURA Healthcare Service/input_Username_username'

2020-09-26 16:32:03 - [MESSAGE][PASSED] - Text 'Kim Chi' is set on object 'Object Repository/Page_CURA Healthcare Service/input_Username_username'

2020-09-26 16:32:03 - [TEST_STEP][PASSED] - click(findTestObject("Object Repository/Page_CURA Healthcare Service/input_Demo account_form-control")): Object: 'Object Repository/Page_CURA Healthcare Service/input_Demo account_form-control' is clicked on

2020-09-26 16:32:04 - [MESSAGE][PASSED] - Object: 'Object Repository/Page_CURA Healthcare Service/input_Demo account_form-control' is clicked on

2020-09-26 16:32:04 - [TEST_STEP][PASSED] - setEncryptedText(findTestObject("Object Repository/Page_CURA Healthcare Service/input_Password_password"), "g3/DOGG74jC3Flrr3yH+3D/yKbOqqUNM"): Text ****** has been set on object 'Object Repository/Page_CURA Healthcare Service/input_Password_password'

2020-09-26 16:32:04 - [MESSAGE][PASSED] - Text ****** has been set on object 'Object Repository/Page_CURA Healthcare Service/input_Password_password'

2020-09-26 16:32:04 - [TEST_STEP][PASSED] - click(findTestObject("Object Repository/Page_CURA Healthcare Service/button_Login")): Object: 'Object Repository/Page_CURA Healthcare Service/button_Login' is clicked on

2020-09-26 16:32:06 - [MESSAGE][PASSED] - Object: 'Object Repository/Page_CURA Healthcare Service/button_Login' is clicked on

2020-09-26 16:32:06 - [TEST_STEP][PASSED] - closeBrowser(): Browser is closed

2020-09-26 16:32:06 - [MESSAGE][PASSED] - Browser is closed]]></system-out>
         <system-err><![CDATA[]]></system-err>
      </testcase>
      <testcase name="Test Cases/TC_004" time="17.863" classname="Test Cases/TC_004" status="PASSED">
         <system-out><![CDATA[2020-09-26 16:32:06 - [TEST_CASE][PASSED] - Test Cases/TC_004: Test Cases/TC_004

2020-09-26 16:32:07 - [TEST_STEP][PASSED] - openBrowser(""): Browser is opened with url: ''

2020-09-26 16:32:07 - [MESSAGE][INFO] - Starting 'Chrome' driver

2020-09-26 16:32:07 - [MESSAGE][INFO] - Action delay is set to 0 milliseconds

2020-09-26 16:32:10 - [MESSAGE][PASSED] - Browser is opened with url: ''

2020-09-26 16:32:10 - [TEST_STEP][PASSED] - navigateToUrl("https://katalon-demo-cura.herokuapp.com/"): Navigate to 'https://katalon-demo-cura.herokuapp.com/' successfully

2020-09-26 16:32:20 - [MESSAGE][PASSED] - Navigate to 'https://katalon-demo-cura.herokuapp.com/' successfully

2020-09-26 16:32:20 - [TEST_STEP][PASSED] - click(findTestObject("Object Repository/Page_CURA Healthcare Service/a_Make Appointment")): Object: 'Object Repository/Page_CURA Healthcare Service/a_Make Appointment' is clicked on

2020-09-26 16:32:21 - [MESSAGE][PASSED] - Object: 'Object Repository/Page_CURA Healthcare Service/a_Make Appointment' is clicked on

2020-09-26 16:32:21 - [TEST_STEP][PASSED] - setText(findTestObject("Object Repository/Page_CURA Healthcare Service/input_Username_username"), "Kim Chi"): Text 'Kim Chi' is set on object 'Object Repository/Page_CURA Healthcare Service/input_Username_username'

2020-09-26 16:32:22 - [MESSAGE][PASSED] - Text 'Kim Chi' is set on object 'Object Repository/Page_CURA Healthcare Service/input_Username_username'

2020-09-26 16:32:22 - [TEST_STEP][PASSED] - setEncryptedText(findTestObject("Object Repository/Page_CURA Healthcare Service/input_Password_password"), "RigbBhfdqODKcAsiUrg+1Q=="): Text ****** has been set on object 'Object Repository/Page_CURA Healthcare Service/input_Password_password'

2020-09-26 16:32:22 - [MESSAGE][PASSED] - Text ****** has been set on object 'Object Repository/Page_CURA Healthcare Service/input_Password_password'

2020-09-26 16:32:22 - [TEST_STEP][PASSED] - click(findTestObject("Object Repository/Page_CURA Healthcare Service/button_Login")): Object: 'Object Repository/Page_CURA Healthcare Service/button_Login' is clicked on

2020-09-26 16:32:24 - [MESSAGE][PASSED] - Object: 'Object Repository/Page_CURA Healthcare Service/button_Login' is clicked on

2020-09-26 16:32:24 - [TEST_STEP][PASSED] - closeBrowser(): Browser is closed

2020-09-26 16:32:24 - [MESSAGE][PASSED] - Browser is closed]]></system-out>
         <system-err><![CDATA[]]></system-err>
      </testcase>
      <testcase name="Test Cases/TC_005" time="11.351" classname="Test Cases/TC_005" status="PASSED">
         <system-out><![CDATA[2020-09-26 16:32:24 - [TEST_CASE][PASSED] - Test Cases/TC_005: Test Cases/TC_005

2020-09-26 16:32:24 - [TEST_STEP][PASSED] - openBrowser(""): Browser is opened with url: ''

2020-09-26 16:32:24 - [MESSAGE][INFO] - Starting 'Chrome' driver

2020-09-26 16:32:24 - [MESSAGE][INFO] - Action delay is set to 0 milliseconds

2020-09-26 16:32:28 - [MESSAGE][PASSED] - Browser is opened with url: ''

2020-09-26 16:32:28 - [TEST_STEP][PASSED] - navigateToUrl("https://katalon-demo-cura.herokuapp.com/"): Navigate to 'https://katalon-demo-cura.herokuapp.com/' successfully

2020-09-26 16:32:33 - [MESSAGE][PASSED] - Navigate to 'https://katalon-demo-cura.herokuapp.com/' successfully

2020-09-26 16:32:33 - [TEST_STEP][PASSED] - click(findTestObject("Object Repository/Page_CURA Healthcare Service/a_Make Appointment")): Object: 'Object Repository/Page_CURA Healthcare Service/a_Make Appointment' is clicked on

2020-09-26 16:32:34 - [MESSAGE][PASSED] - Object: 'Object Repository/Page_CURA Healthcare Service/a_Make Appointment' is clicked on

2020-09-26 16:32:34 - [TEST_STEP][PASSED] - click(findTestObject("Object Repository/Page_CURA Healthcare Service/button_Login")): Object: 'Object Repository/Page_CURA Healthcare Service/button_Login' is clicked on

2020-09-26 16:32:35 - [MESSAGE][PASSED] - Object: 'Object Repository/Page_CURA Healthcare Service/button_Login' is clicked on

2020-09-26 16:32:35 - [TEST_STEP][PASSED] - closeBrowser(): Browser is closed

2020-09-26 16:32:36 - [MESSAGE][PASSED] - Browser is closed]]></system-out>
         <system-err><![CDATA[]]></system-err>
      </testcase>
      <system-out><![CDATA[2020-09-26 16:31:12 - [TEST_SUITE][PASSED] - TestSuite001: Test Cases/TC_005]]></system-out>
      <system-err><![CDATA[]]></system-err>
   </testsuite>
</testsuites>
